#
# There is insufficient memory for the Java Runtime Environment to continue.
# Native memory allocation (mmap) failed to map 132120576 bytes. Error detail: G1 virtual space
# Possible reasons:
#   The system is out of physical RAM or swap space
#   This process is running with CompressedOops enabled, and the Java Heap may be blocking the growth of the native heap
# Possible solutions:
#   Reduce memory load on the system
#   Increase physical memory or swap space
#   Check if swap backing store is full
#   Decrease Java heap size (-Xmx/-Xms)
#   Decrease number of Java threads
#   Decrease Java thread stack sizes (-Xss)
#   Set larger code cache with -XX:ReservedCodeCacheSize=
#   JVM is running with Unscaled Compressed Oops mode in which the Java heap is
#     placed in the first 4GB address space. The Java Heap base address is the
#     maximum limit for the native heap growth. Please use -XX:HeapBaseMinAddress
#     to set the Java Heap base and to place the Java Heap above 4GB virtual address.
# This output file may be truncated or incomplete.
#
#  Out of Memory Error (os_windows.cpp:3631), pid=16056, tid=13164
#
# JRE version:  (22.0.2+9) (build )
# Java VM: OpenJDK 64-Bit Server VM (22.0.2+9, mixed mode, sharing, tiered, compressed oops, compressed class ptrs, g1 gc, windows-amd64)
# No core dump will be written. Minidumps are not enabled by default on client versions of Windows
#

---------------  S U M M A R Y ------------

Command Line: -Dfile.encoding=UTF-8 -Dstdout.encoding=UTF-8 -Dstderr.encoding=UTF-8 --module-path=C:\Users\Tarda.DESKTOP-NJ04ELD\eclipse-workspace\fundamentals_java\bin -XX:+ShowCodeDetailsInExceptionMessages -Djdk.module.main=fundamentals_java fundamentals_java/altaYbajas.Main

Host: Intel(R) Core(TM) i5-8365U CPU @ 1.60GHz, 8 cores, 7G,  Windows 10 , 64 bit Build 19041 (10.0.19041.4597)
Time: Tue Sep 10 15:48:05 2024 Hora de verano romance elapsed time: 0.071585 seconds (0d 0h 0m 0s)

---------------  T H R E A D  ---------------

Current thread (0x000002525985df60):  JavaThread "Unknown thread" [_thread_in_vm, id=13164, stack(0x000000a219200000,0x000000a219300000) (1024K)]

Stack: [0x000000a219200000,0x000000a219300000]
Native frames: (J=compiled Java code, j=interpreted, Vv=VM code, C=native code)
V  [jvm.dll+0x6ea6a9]  (no source info available)
V  [jvm.dll+0x8cdbf3]  (no source info available)
V  [jvm.dll+0x8d001e]  (no source info available)
V  [jvm.dll+0x8d06f3]  (no source info available)
V  [jvm.dll+0x286dc6]  (no source info available)
V  [jvm.dll+0x6e6d35]  (no source info available)
V  [jvm.dll+0x6db9ba]  (no source info available)
V  [jvm.dll+0x36037a]  (no source info available)
V  [jvm.dll+0x368846]  (no source info available)
V  [jvm.dll+0x3ba7be]  (no source info available)
V  [jvm.dll+0x3baa68]  (no source info available)
V  [jvm.dll+0x333d1c]  (no source info available)
V  [jvm.dll+0x334988]  (no source info available)
V  [jvm.dll+0x895adc]  (no source info available)
V  [jvm.dll+0x3c78a1]  (no source info available)
V  [jvm.dll+0x87e75c]  (no source info available)
V  [jvm.dll+0x4612ae]  (no source info available)
V  [jvm.dll+0x4630c1]  (no source info available)
C  [jli.dll+0x5278]  (no source info available)
C  [ucrtbase.dll+0x21bb2]  (no source info available)
C  [KERNEL32.DLL+0x17374]  (no source info available)
C  [ntdll.dll+0x4cc91]  (no source info available)


---------------  P R O C E S S  ---------------

Threads class SMR info:
_java_thread_list=0x00007ffd4ac1d688, length=0, elements={
}

Java Threads: ( => current thread )
Total: 0

Other Threads:
  0x000002525bad6330 WorkerThread "GC Thread#0"                     [id=13252, stack(0x000000a219300000,0x000000a219400000) (1024K)]
  0x000002525bae6d60 ConcurrentGCThread "G1 Main Marker"            [id=24448, stack(0x000000a219400000,0x000000a219500000) (1024K)]
  0x000002525bae87d0 WorkerThread "G1 Conc#0"                       [id=28704, stack(0x000000a219500000,0x000000a219600000) (1024K)]

[error occurred during error reporting (printing all threads), id 0xc0000005, EXCEPTION_ACCESS_VIOLATION (0xc0000005) at pc=0x00007ffd4a306cd7]
VM state: not at safepoint (not fully initialized)

VM Mutex/Monitor currently owned by a thread:  ([mutex/lock_event])
[0x00007ffd4aca1080] Heap_lock - owner thread: 0x000002525985df60

Heap address: 0x0000000082e00000, size: 2002 MB, Compressed Oops mode: 32-bit

CDS archive(s) mapped at: [0x0000000000000000-0x0000000000000000-0x0000000000000000), size 0, SharedBaseAddress: 0x0000000800000000, ArchiveRelocationMode: 1.
Narrow klass base: 0x0000000000000000, Narrow klass shift: 0, Narrow klass range: 0x0

GC Precious Log:
 CardTable entry size: 512
 Card Set container configuration: InlinePtr #cards 5 size 8 Array Of Cards #cards 12 size 40 Howl #buckets 4 coarsen threshold 1843 Howl Bitmap #cards 512 size 80 coarsen threshold 460 Card regions per heap region 1 cards per card region 2048

Heap:
 garbage-first heap   total reserved 2050048K, committed 0K, used 0K [0x0000000082e00000, 0x0000000100000000)
  region size 1024K, 0 young (0K), 0 survivors (0K)

[error occurred during error reporting (printing heap information), id 0xc0000005, EXCEPTION_ACCESS_VIOLATION (0xc0000005) at pc=0x00007ffd4a707269]
GC Heap History (0 events):
No events

Dll operation events (1 events):
Event: 0.016 Loaded shared library C:\Users\Tarda.DESKTOP-NJ04ELD\.p2\pool\plugins\org.eclipse.justj.openjdk.hotspot.jre.full.win32.x86_64_22.0.2.v20240802-1626\jre\bin\java.dll

Deoptimization events (0 events):
No events

Classes loaded (0 events):
No events

Classes unloaded (0 events):
No events

Classes redefined (0 events):
No events

Internal exceptions (0 events):
No events

ZGC Phase Switch (0 events):
No events

VM Operations (0 events):
No events

Memory protections (0 events):
No events

Nmethod flushes (0 events):
No events

Events (0 events):
No events


Dynamic libraries:
0x00007ff775f70000 - 0x00007ff775f7e000 	C:\Users\Tarda.DESKTOP-NJ04ELD\.p2\pool\plugins\org.eclipse.justj.openjdk.hotspot.jre.full.win32.x86_64_22.0.2.v20240802-1626\jre\bin\javaw.exe
0x00007ffda47b0000 - 0x00007ffda49a8000 	C:\WINDOWS\SYSTEM32\ntdll.dll
0x00007ffda4580000 - 0x00007ffda4641000 	C:\WINDOWS\System32\KERNEL32.DLL
0x00007ffda2020000 - 0x00007ffda2316000 	C:\WINDOWS\System32\KERNELBASE.dll
0x00007ffda1f20000 - 0x00007ffda2020000 	C:\WINDOWS\System32\ucrtbase.dll
0x00007ffd7ed20000 - 0x00007ffd7ed37000 	C:\Users\Tarda.DESKTOP-NJ04ELD\.p2\pool\plugins\org.eclipse.justj.openjdk.hotspot.jre.full.win32.x86_64_22.0.2.v20240802-1626\jre\bin\jli.dll
0x00007ffd84bd0000 - 0x00007ffd84beb000 	C:\Users\Tarda.DESKTOP-NJ04ELD\.p2\pool\plugins\org.eclipse.justj.openjdk.hotspot.jre.full.win32.x86_64_22.0.2.v20240802-1626\jre\bin\VCRUNTIME140.dll
0x00007ffda3980000 - 0x00007ffda3b1f000 	C:\WINDOWS\System32\USER32.dll
0x00007ffd81fd0000 - 0x00007ffd8226a000 	C:\WINDOWS\WinSxS\amd64_microsoft.windows.common-controls_6595b64144ccf1df_6.0.19041.4355_none_60b8b9eb71f62e16\COMCTL32.dll
0x00007ffda2660000 - 0x00007ffda2682000 	C:\WINDOWS\System32\win32u.dll
0x00007ffda3110000 - 0x00007ffda31ae000 	C:\WINDOWS\System32\msvcrt.dll
0x00007ffda31b0000 - 0x00007ffda31db000 	C:\WINDOWS\System32\GDI32.dll
0x00007ffda2320000 - 0x00007ffda2437000 	C:\WINDOWS\System32\gdi32full.dll
0x00007ffda2740000 - 0x00007ffda27dd000 	C:\WINDOWS\System32\msvcp_win.dll
0x00007ffda31e0000 - 0x00007ffda320f000 	C:\WINDOWS\System32\IMM32.DLL
0x00007ffd84c90000 - 0x00007ffd84c9c000 	C:\Users\Tarda.DESKTOP-NJ04ELD\.p2\pool\plugins\org.eclipse.justj.openjdk.hotspot.jre.full.win32.x86_64_22.0.2.v20240802-1626\jre\bin\vcruntime140_1.dll
0x00007ffd6d8e0000 - 0x00007ffd6d96e000 	C:\Users\Tarda.DESKTOP-NJ04ELD\.p2\pool\plugins\org.eclipse.justj.openjdk.hotspot.jre.full.win32.x86_64_22.0.2.v20240802-1626\jre\bin\msvcp140.dll
0x00007ffd49fc0000 - 0x00007ffd4ad83000 	C:\Users\Tarda.DESKTOP-NJ04ELD\.p2\pool\plugins\org.eclipse.justj.openjdk.hotspot.jre.full.win32.x86_64_22.0.2.v20240802-1626\jre\bin\server\jvm.dll
0x00007ffda3790000 - 0x00007ffda3840000 	C:\WINDOWS\System32\ADVAPI32.dll
0x00007ffda3840000 - 0x00007ffda38e0000 	C:\WINDOWS\System32\sechost.dll
0x00007ffda4370000 - 0x00007ffda4493000 	C:\WINDOWS\System32\RPCRT4.dll
0x00007ffda1ef0000 - 0x00007ffda1f17000 	C:\WINDOWS\System32\bcrypt.dll
0x00007ffda4650000 - 0x00007ffda46bb000 	C:\WINDOWS\System32\WS2_32.dll
0x00007ffda19c0000 - 0x00007ffda1a0b000 	C:\WINDOWS\SYSTEM32\POWRPROF.dll
0x00007ffd97f10000 - 0x00007ffd97f1a000 	C:\WINDOWS\SYSTEM32\VERSION.dll
0x00007ffd81900000 - 0x00007ffd81927000 	C:\WINDOWS\SYSTEM32\WINMM.dll
0x00007ffda18b0000 - 0x00007ffda18c2000 	C:\WINDOWS\SYSTEM32\UMPDC.dll
0x00007ffda0630000 - 0x00007ffda0642000 	C:\WINDOWS\SYSTEM32\kernel.appcore.dll
0x00007ffd9bd50000 - 0x00007ffd9bd5a000 	C:\Users\Tarda.DESKTOP-NJ04ELD\.p2\pool\plugins\org.eclipse.justj.openjdk.hotspot.jre.full.win32.x86_64_22.0.2.v20240802-1626\jre\bin\jimage.dll
0x00007ffda03e0000 - 0x00007ffda05c4000 	C:\WINDOWS\SYSTEM32\DBGHELP.DLL
0x00007ffd827e0000 - 0x00007ffd82814000 	C:\WINDOWS\SYSTEM32\dbgcore.DLL
0x00007ffda1e60000 - 0x00007ffda1ee2000 	C:\WINDOWS\System32\bcryptPrimitives.dll
0x00007ffd93520000 - 0x00007ffd9353e000 	C:\Users\Tarda.DESKTOP-NJ04ELD\.p2\pool\plugins\org.eclipse.justj.openjdk.hotspot.jre.full.win32.x86_64_22.0.2.v20240802-1626\jre\bin\java.dll
0x00007ffda28f0000 - 0x00007ffda305c000 	C:\WINDOWS\System32\SHELL32.dll
0x00007ffda4110000 - 0x00007ffda423b000 	C:\WINDOWS\System32\ole32.dll
0x00007ffda33d0000 - 0x00007ffda3723000 	C:\WINDOWS\System32\combase.dll

dbghelp: loaded successfully - version: 4.0.5 - missing functions: none
symbol engine: initialized successfully - sym options: 0x614 - pdb path: .;C:\Users\Tarda.DESKTOP-NJ04ELD\.p2\pool\plugins\org.eclipse.justj.openjdk.hotspot.jre.full.win32.x86_64_22.0.2.v20240802-1626\jre\bin;C:\WINDOWS\SYSTEM32;C:\WINDOWS\WinSxS\amd64_microsoft.windows.common-controls_6595b64144ccf1df_6.0.19041.4355_none_60b8b9eb71f62e16;C:\Users\Tarda.DESKTOP-NJ04ELD\.p2\pool\plugins\org.eclipse.justj.openjdk.hotspot.jre.full.win32.x86_64_22.0.2.v20240802-1626\jre\bin\server

VM Arguments:
jvm_args: -Dfile.encoding=UTF-8 -Dstdout.encoding=UTF-8 -Dstderr.encoding=UTF-8 --module-path=C:\Users\Tarda.DESKTOP-NJ04ELD\eclipse-workspace\fundamentals_java\bin -XX:+ShowCodeDetailsInExceptionMessages -Djdk.module.main=fundamentals_java 
java_command: fundamentals_java/altaYbajas.Main
java_class_path (initial): <not set>
Launcher Type: SUN_STANDARD

[Global flags]
     intx CICompilerCount                          = 4                                         {product} {ergonomic}
     uint ConcGCThreads                            = 2                                         {product} {ergonomic}
     uint G1ConcRefinementThreads                  = 8                                         {product} {ergonomic}
   size_t G1HeapRegionSize                         = 1048576                                   {product} {ergonomic}
   size_t InitialHeapSize                          = 132120576                                 {product} {ergonomic}
   size_t MarkStackSize                            = 4194304                                   {product} {ergonomic}
   size_t MaxHeapSize                              = 2099249152                                {product} {ergonomic}
   size_t MinHeapDeltaBytes                        = 1048576                                   {product} {ergonomic}
   size_t MinHeapSize                              = 8388608                                   {product} {ergonomic}
    uintx NonNMethodCodeHeapSize                   = 5839372                                {pd product} {ergonomic}
    uintx NonProfiledCodeHeapSize                  = 122909434                              {pd product} {ergonomic}
    uintx ProfiledCodeHeapSize                     = 122909434                              {pd product} {ergonomic}
    uintx ReservedCodeCacheSize                    = 251658240                              {pd product} {ergonomic}
     bool SegmentedCodeCache                       = true                                      {product} {ergonomic}
     bool ShowCodeDetailsInExceptionMessages       = true                                   {manageable} {command line}
   size_t SoftMaxHeapSize                          = 2099249152                             {manageable} {ergonomic}
     bool UseCompressedOops                        = true                           {product lp64_product} {ergonomic}
     bool UseG1GC                                  = true                                      {product} {ergonomic}
     bool UseLargePagesIndividualAllocation        = false                                  {pd product} {ergonomic}

Logging:
Log output configuration:
 #0: stdout all=warning uptime,level,tags foldmultilines=false
 #1: stderr all=off uptime,level,tags foldmultilines=false

Environment Variables:
PATH=C:/Users/Tarda.DESKTOP-NJ04ELD/.p2/pool/plugins/org.eclipse.justj.openjdk.hotspot.jre.full.win32.x86_64_22.0.2.v20240802-1626/jre/bin/server;C:/Users/Tarda.DESKTOP-NJ04ELD/.p2/pool/plugins/org.eclipse.justj.openjdk.hotspot.jre.full.win32.x86_64_22.0.2.v20240802-1626/jre/bin;C:\WINDOWS\system32;C:\WINDOWS;C:\WINDOWS\System32\Wbem;C:\WINDOWS\System32\WindowsPowerShell\v1.0\;C:\WINDOWS\System32\OpenSSH\;C:\Program Files\dotnet\;C:\Program Files\nodejs\;C:\xampp\php;C:\ProgramData\ComposerSetup\bin;C:\Program Files\Git\cmd;C:\Users\Tarda.DESKTOP-NJ04ELD\AppData\Local\Microsoft\WindowsApps;;C:\Program Files\JetBrains\IntelliJ IDEA Community Edition 2024.2.1\bin;;C:\WINDOWS\system32;
USERNAME=Tarda
OS=Windows_NT
PROCESSOR_IDENTIFIER=Intel64 Family 6 Model 142 Stepping 12, GenuineIntel
TMP=C:\Users\TARDA~1.DES\AppData\Local\Temp
TEMP=C:\Users\TARDA~1.DES\AppData\Local\Temp




Periodic native trim disabled

---------------  S Y S T E M  ---------------

OS:
 Windows 10 , 64 bit Build 19041 (10.0.19041.4597)
OS uptime: 7 days 22:14 hours
Hyper-V role detected

CPU: total 8 (initial active 8) (4 cores per cpu, 2 threads per core) family 6 model 142 stepping 12 microcode 0xf8, cx8, cmov, fxsr, ht, mmx, 3dnowpref, sse, sse2, sse3, ssse3, sse4.1, sse4.2, popcnt, lzcnt, tsc, tscinvbit, avx, avx2, aes, erms, clmul, bmi1, bmi2, adx, fma, vzeroupper, clflush, clflushopt, hv, rdtscp, f16c
Processor Information for processor 0
  Max Mhz: 1896, Current Mhz: 1496, Mhz Limit: 1592
Processor Information for processor 1
  Max Mhz: 1896, Current Mhz: 1496, Mhz Limit: 1592
Processor Information for processor 2
  Max Mhz: 1896, Current Mhz: 1596, Mhz Limit: 1592
Processor Information for processor 3
  Max Mhz: 1896, Current Mhz: 1496, Mhz Limit: 1592
Processor Information for processor 4
  Max Mhz: 1896, Current Mhz: 1596, Mhz Limit: 1592
Processor Information for processor 5
  Max Mhz: 1896, Current Mhz: 1596, Mhz Limit: 1592
Processor Information for processor 6
  Max Mhz: 1896, Current Mhz: 1596, Mhz Limit: 1592
Processor Information for processor 7
  Max Mhz: 1896, Current Mhz: 1496, Mhz Limit: 1592

Memory: 4k page, system-wide physical 8002M (1436M free)
TotalPageFile size 23186M (AvailPageFile size 112M)
current process WorkingSet (physical memory assigned to process): 11M, peak: 11M
current process commit charge ("private bytes"): 60M, peak: 186M

vm_info: OpenJDK 64-Bit Server VM (22.0.2+9) for windows-amd64 JRE (22.0.2+9), built on 2024-07-16T00:00:00Z by "admin" with MS VC++ 17.7 (VS2022)

END.
